<?xml version="1.0" encoding="UTF-8"?>
<!-- Generated by org.testng.reporters.JUnitReportReporter -->
<testsuite hostname="IXC1-LT9Y5DWT2" name="com.epp.executor.CukeExecutor" tests="1" failures="0" timestamp="10 Jan 2021 09:18:52 GMT" time="39.717" errors="0">
  <testcase name="feature" time="39.717" classname="com.epp.executor.CukeExecutor"/>
</testsuite> <!-- com.epp.executor.CukeExecutor -->
