<?xml version="1.0" encoding="UTF-8"?>
<!-- Generated by org.testng.reporters.JUnitReportReporter -->
<testsuite hostname="IXC1-LT9Y5DWT2" name="com.demoBlaze.executor.CukeExecutor" tests="1" failures="0" timestamp="11 Jan 2021 05:53:27 GMT" time="98.713" errors="0">
  <testcase name="feature" time="98.713" classname="com.demoBlaze.executor.CukeExecutor"/>
</testsuite> <!-- com.demoBlaze.executor.CukeExecutor -->
